1 10 20
100 200 125
201 210 89
900 1000 174
1000 1000 112
1000 900 174
500 600 137
600 700 145
800 900 179
1000 1100 169
20 30 112
50 60 113
70 80 116
90 100 119
20 25 24
25 20 24
30 40 107
45 50 105
55 60 113
60 55 113
111 123 96
111 1234 182
121 644 144
154 144 117
1 879 179
4864 64 238
151 161 99
154 478 144
112 797 171
454 646 142
454 987 179
876 487 179
488 878 179
496 463 142
123 655 145
555 979 179
645 143 144
3413 678 217
3111 6666 262
464 677 145
644 777 171
411 466 134
415 775 171
122 668 145
322 989 179
112 689 145
578 326 144
545 779 171
545 656 145
878 232 179
125 656 145
696 675 127
675 700 127
650 750 171
456 899 179
696 999 179
332 412 134
111 888 179
222 333 144
574 566 106
1000 2000 182
877 985 174
121 989 179
751 125 171
845 693 171
363 474 134
1512 4121 238
122 269 128
23 45 112
89 74 111
239 2123 182
232 554 144
313 946 179
124 758 171
123 669 145
125 485 144
155 947 179
235 946 179
749 393 171
236 417 144
156 963 179
158 256 128
265 598 144
147 396 144
625 269 144
248 669 145
785 356 171
312 375 144
152 356 144
154 394 144
764 945 179
131 975 179
154 785 171
155 684 145
454 693 145
158 596 144
5487 787 238
154 487 144
465 216 144
151 548 144
216 672 145
300 352 144
151 592 144
154 663 145
23 653 145
323 23 131
6 9 20
216 466 144
132 565 144
145 685 145
313 365 144
4154 6985 262
2656 5445 238
5445 6565 262
1645 6596 262
4154 5265 215
2365 9899 262
1486 6569 262
2646 5656 238
4646 4656 184
