1 10 20
100 200 125
201 210 89
900 1000 174
9490 9765 198
6577 4952 262
1211 5696 238
8137 235 262
1146 3169 217
8920 1641 262
9734 2955 262
9694 1880 262
5086 5123 179
8934 1636 262
3548 9959 262
3234 3481 181
8284 7112 252
5887 6062 187
3258 8116 262
5341 3623 238
8240 2189 262
7032 871 262
6700 8769 257
624 7878 262
2867 4714 238
348 9645 262
6447 4848 262
5644 6557 262
8492 2849 262
2950 5154 238
1450 4990 238
114 4169 238
3511 2271 217
8461 5534 262
3443 6291 262
4585 7768 262
725 1138 179
6554 9421 260
1142 2547 209
3763 896 238
1256 5704 238
8516 5047 262
8517 5217 262
2555 2172 209
7736 7591 177
4188 3017 238
8975 1045 262
6839 2817 262
5150 9403 262
3501 9763 262
8533 5314 262
9390 739 262
3042 9393 262
5992 2389 238
2402 4997 238
2140 8742 262
504 9860 262
1299 101 182
5330 5417 192
62 383 144
2993 6360 262
1299 4549 238
293 3807 238
4104 4972 215
512 989 179
4069 6788 262
9176 8925 247
1742 5434 238
1845 9024 262
784 7954 262
2457 2996 217
2296 9355 262
8369 2143 262
473 4409 238
2809 9022 262
8110 1222 262
7779 4506 262
4724 404 238
1308 8037 262
4243 9064 262
8127 3172 262
6376 8887 257
2908 3804 238
9268 6142 262
5133 2374 238
238 1057 179
1468 664 182
2870 2066 209
9871 5110 262
415 682 145
7434 911 262
9334 3660 262
6859 6505 244
5192 3432 238
6169 1573 238
8784 8961 247
5439 4198 215
9401 1232 262
3218 2645 217
6719 5719 262
2320 3732 238
7981 8470 234
633 1451 182
3885 3682 238
3030 279 217
6201 8822 257
3760 1903 238
9538 4724 262
7773 1331 262
5393 2699 238
6069 8868 262
4724 7702 262
8336 7343 252
2031 4894 238
2853 188 209
6122 9215 262
473 6331 262
1915 5314 238
42 4074 238
5687 8831 262
365 7778 262
6222 790 262
1182 6965 262
8992 8604 247
5876 660 238
7366 8987 252
820 2710 209
2979 3 217
8675 2959 262
4516 5838 236
8582 3669 262
806 6018 238
3926 254 238
6953 5168 262
4747 4991 210
7195 9355 260
1146 9108 262
5538 5005 192
34 1020 179
6969 8259 252
261 6974 262
2905 8238 262
7154 8508 252
8256 3764 262
5814 4644 236
7061 77 262
9397 3194 262
1484 3497 217
581 3649 217
2561 6265 262
5951 7715 262
6746 2921 262
6048 5769 218
2834 6953 262
