1 10 20
100 200 125
201 210 89
900 1000 174
6525 366 262
1427 2281 183
4805 6855 262
192 8041 262
4865 8280 262
597 8295 262
6346 6514 200
5859 6317 262
1829 5118 238
1461 8644 262
9522 4032 262
4529 9898 262
1495 9977 262
1889 938 182
7058 2105 262
9788 2253 262
1733 1844 180
1613 6805 262
7890 5254 262
4136 4145 158
2567 3093 217
1221 3518 217
5392 8265 262
8831 5705 262
4158 3292 238
3556 9509 262
822 8207 262
303 9648 262
1100 470 179
9360 3381 262
7637 6012 262
2610 3367 217
6370 2419 262
2099 5520 238
8841 1225 262
5620 702 238
7340 8097 252
777 5539 238
2013 2950 217
3453 6701 262
2020 2503 209
7685 3189 262
6286 7718 257
6456 8543 257
9200 9273 260
1782 3163 217
7451 1393 262
1909 9676 262
424 7442 262
1270 4527 238
2443 2620 209
1002 3174 217
3538 6639 262
9502 8434 260
83 9039 262
341 7920 262
5732 4620 236
1585 9186 262
5576 9391 262
6536 2566 262
1213 4908 238
2483 521 209
6582 7906 257
637 7021 262
2727 1750 209
9171 7547 252
4424 8207 262
2138 5297 238
1358 993 182
9767 6901 260
994 8776 262
9736 9229 260
6200 1153 262
8831 1703 262
7303 8578 252
566 9692 262
1447 672 182
1850 1451 180
6831 8998 257
473 2972 217
9177 5629 262
5592 6331 262
9123 9189 198
2490 1530 209
3611 5851 238
405 1330 182
6726 4339 262
8504 3320 262
3774 5414 215
3487 4338 238
8396 9014 247
5790 412 238
553 6914 262
5239 4681 210
9066 895 262
5124 5719 236
192 6919 262
9128 9259 260
5359 3020 238
4394 3170 238
8967 4525 262
8046 6293 257
7486 8825 252
3707 4203 238
5477 8038 262
735 4052 238
6561 2425 262
7840 6380 257
4207 4016 189
1519 2502 209
8656 638 262
2083 1382 180
3421 8193 262
840 9164 262
9381 2911 262
386 3054 217
7747 979 262
9213 1586 262
419 2556 209
7901 301 262
