1 10 20
100 200 125
201 210 89
900 1000 174
40 20 112
9999 99 262
100000 999999 525
3 3 8
11 11111 268
123 456 144
987654 123 525
101010 10101 351
7 13 20
19827 2198471 557
890 12873 268
12 77777 351
120000 12 354
1 5 8
9000 9 262
13897 239857 443
1920 149803 375
194028 58279 383
17894 523098 470
583034 4839 470
10975 2987 268
19075 10975 279
176186 289735 443
23 52037 324
923858 398 525
1 555 144
100 100000 351
32879 328978 443
383829 82374 443
2358 32597 308
52789 349879 443
9873 289234 443
235 2354 183
42 235 128
364 7424 262
426352 22 449
235 356346 443
2366 5742 238
258379 235987 368
75 85 111
2456 346 183
890 823094 509
289573 87932 443
2309 253908 443
23987 879 282
3 37987 324
12487 124987 354
1142 58972 340
2 52 112
142 2358 183
987235 89273 525
28739 892734 525
1 90258 351
4 5890 238
142 2587 209
234 34587 311
287943 29 443
529 5298 238
927 230957 443
239857 35987 443
5327 987 238
982347 23986 525
832597 3 509
9 99 119
999 9999 262
999 1 179
8 1728 182
9182 347 262
2937 387 217
398247 28 443
24 374 144
120 2937 217
1928236 1928 557
19274 89275 351
50 50 25
60 61 20
123 321 131
345 321 144
1 999999 525
8 80 116
616 161 144
7734 14 262
888 111 179
89 9222 262
532 974345 525
1 98765 351
2355 2 183
200 20000 279
1567 3 182
103742 40 351
8 8188 262
77 77777 351
248 16 128
1357 9 182
80808 7070 351
8976 222 262
607 5555 238
2 34 112
5 678 145
9876 5 262
98214 237895 443
7832 2738 262
2938 2 217
293 4298 238
3598 3482 194
2974 1 217
222 3333 217
234 2324 183
9382 287 262
297 2 128
89217 234897 443
48 43 105
91 19 116
87 65 116
239 240 53
239 239 53
