1 10 20
100 200 125
201 210 89
1000 900 174
10 11 15
101 99 26
100 120 114
140 152 117
31 38 107
94 99 119
1000 2000 182
323 434 144
212 535 144
898 981 174
473 712 171
1111 1119 138
1 1000 179
900 999 174
1111 999 169
1010 1011 63
1010 1010 63
2111 2174 170
118 198 125
1010 908 174
874 984 174
287 375 144
67 76 116
2 2000 182
4222 87 238
4900 5000 210
1000 2000 182
3111 4000 238
10000 90000 351
8000 8181 190
1 10000 262
1000 90 179
632 86 144
123 2135 182
532 921 179
1011 632 179
535 754 171
538 972 179
2568 3670 217
1532 2053 180
72149 9124 340
822 833 135
513 588 137
322 888 179
1 12 20
123 123 47
4218 8235 262
111 222 125
1111 2222 182
11111 22222 279
421 422 41
444 444 72
443 444 72
1024 191 179
1980 1984 113
1114 4221 238
9000 9012 141
7123 9537 260
1200 2000 180
788 877 179
152 532 144
233 877 179
643 644 101
82 82 111
1111 3322 217
533 711 171
122 322 131
87 98 119
8000 900 262
1 1000000 525
2111 2333 183
511 923 179
522 853 171
732 983 179
432 876 179
632 986 179
532 764 171
521 875 179
321 765 171
1525 7523 262
11 87 116
532 865 171
1 116 119
532 876 179
723 975 179
321 632 144
531 888 179
412 765 171
531 8763 262
531 9767 262
222 3333 217
1100 6566 262
1287 9854 262
1723 2394 183
43 92 116
32 93 116
515 626 137
737 959 179
942 999 143
12 4224 238