1 10 20
100 200 125
201 210 89
900 1000 174
10 1 20
200 100 125
210 201 89
1000 900 174
1 1 1
1 2 2
2 1 2
999 1001 143
1001 999 143
23 68 113
1234 2345 183
975 1125 169
500 2500 209
10000 20000 279
25000 50000 324
50000 25000 324
25001 50001 324
100000 200000 383
32 128 119
6500 17500 276
1 999999 525
999999 1 525
400000 500000 449
12345 67890 340
13579 24680 282
24680 13579 282
15000 15000 178
49999 50001 128
50001 49999 128
77777 88888 338
11235 81321 351
10000 100000 351
100000 10000 351
25000 250000 443
250000 25000 443
3900 160000 383
1 10000 262
10000 1 262
2700 7200 262
999 9999 262
19999 20001 168
20001 19999 168
1839 3454 217
2999 18239 279
19283 59301 340
3845 1284 238
1938 8787 262
1738 1209 180
1101 1209 182
129 1129 179
200 40000 324
3141 5926 238
56700 67800 335
12389 45670 324
45670 12389 324
19283 19304 212
4286 1839 238
88443 11884 351
23841 28472 308
182953 173947 365
103853 127389 354
192837 958473 525
1739 1038 182
1066 2017 182
48329 43831 314
54839 204952 383
200572 9822 383
223485 1235 386
23854 11738 282
98273 74322 351
1100 34821 311
34821 1100 311
28349 11823 308
2499 25001 282
399 400001 443
19546 29310 308
44281 129983 354
3569 3570 75
90453 60453 351
46802 56803 340
56803 46802 340
33942 44934 324
75000 123000 354
3678 4789 238
130000 260000 443
260000 130000 443
15000 150000 375
14999 150001 375
2498 2502 178
14500 39384 324
39954 69909 340
338492 887321 525
887321 338492 525
64750 64751 162
64751 64750 162
54321 54321 40
200000 200000 130
46897 39403 314
209348 239384 443
39485 69504 340
43678 32984 324
1209 12090 268
28349 48392 324
95400 295400 443
1 999 179
999 1 179
34567 76543 340
123456 654321 509
654321 123456 509
232839 128239 443
32374 33374 267
105000 210000 383
12378 89432 351
12321 98789 351
45434 76787 340
12893 38473 324
27000 43000 324
82345 92345 333
75468 18229 340
238972 908374 525
99283 101234 341
68457 90876 351
239084 329304 407
10921 45987 324
12382 28222 308
90457 100340 341
9243 9378 260
23045 78453 351
1008 92017 351
134 14201 276
36925 47036 314
34324 98703 351
23282 19009 274
19228 74328 340
92145 110002 354
78745 78745 139
43567 43568 195
234524 234524 156
560000 560000 85
256000 256001 226
256001 256000 226
47298 65942 340
80000 800002 509
129 129000 354
999 999999 525
999999 99999 525
