1 10 20
100 200 125
201 210 89
900 1000 174
26 15 24
100 200 125
61 200 125
19 26 24
60 78 116
66 90 116
30 9 112
888 16 179
16 920 179
166 500 144
94 841 171
56 875 179
2 64 113
1 89 116
84 164 122
71 123 119
64 999 179
9 999 179
1 999 179
999 999999 525
889 7000 262
1 1000 179
90 888 179
63 84 116
1 5 8
2 10 20
33 333 144
16 3055 217
842 1651 182
21 84 116
1 2587 209
6 51 112
4 658 145
89 841 171
20 324 131
15 61 113
4 5711 238
100 254 128
60 648 144
84 716 171
614 898 179
12 487 144
32 888 179
49 514 144
635 800 171
12 51 112
64 887 179
11 99 119
22 88 116
48 26 112
81 444 144
52 421 144
1 500 144
1 954 179
67 844 171
51 310 128
19 460 144
888 1000 174
100 5000 238
900 84 179
546 15 144
9873 51 262
216 8422 262
9871 8134 260
16 84 116
43 58 113