1 10 20
100 200 125
201 210 89
900 1000 174
10 1 20
200 100 125
210 201 89
1000 900 174
1 1 1
2 2 2
3 3 8
4 4 3
5 5 6
6 6 9
7 7 17
8 8 4
9 9 20
11 11 15
12 12 10
13 13 10
14 14 18
15 15 18
16 16 5
17 17 13
18 18 21
19 19 21
20 20 8
99 99 26
999 999 50
9999 9999 92
99999 99999 227
999999 999999 259
10 10 7
100 100 26
1000 1000 112
10000 10000 30
100000 100000 129
1 2 2
2 3 8
3 4 8
4 5 6
5 6 9
6 7 17
7 8 17
8 9 20
9 10 20
10 11 15
11 12 15
12 13 10
13 14 18
14 15 18
15 16 18
16 17 13
17 18 21
18 19 21
19 20 21
999990 999991 166
999991 999992 166
999992 999993 166
999993 999994 166
999994 999995 259
999995 999996 259
999996 999997 114
999997 999998 259
999998 999999 259
1 10000 262
10001 20000 279
20001 30000 308
5000 15000 276
15001 25000 282
1 500 144
500 1500 182
1000 2000 182
1500 2500 209
2000 3000 217
2500 3500 217
3000 4000 238
3500 4500 238
4000 5000 215
4500 5500 210
1 100 119
50 150 122
100 200 125
150 250 128
200 300 128
250 350 144
300 400 144
350 450 134
400 500 142
450 550 142
500 600 137
550 650 145
600 700 145
650 750 171
800 900 179
750 850 153
950 1050 156
1000 1100 169
1050 1150 169
1100 1200 182
1150 1250 182
1200 1300 177
1250 1350 177
1300 1400 177
100 15000 276
100 15001 276
100 15023 276
12345 999999 525
1 999999 525
