1 10 20
100 200 125
201 210 89
900 1000 174
83 39239 324
1 1 1
9 9 20
29 3920 238
32 4042 238
193 29183 308
2919 312183 443
293 1 1
900000 1000000 507
1000000 1000000 153
1 1000000 525
32 3234 217
452 3233 217
432 42456 324
43 54514 340
63 32453 308
10239 29383 308
32333 32453 267
9983 32342 308
23332 223234 386
222 242452 443
98347 293832 443
14234 32432 308
874467 967312 507
775770 923589 525
862777 250307 220
985703 640164 290
764635 771824 468
988938 799905 308
426674 763227 509
736515 997539 525
690978 370470 168
373317 358737 348
453422 56805 294
577550 752309 509
952914 405247 277
731239 36621 336
556195 76909 346
870048 555599 326
402267 966237 525
82514 482934 449
543723 911080 525
866564 89068 251
976322 957439 290
689459 301625 336
449234 424926 369
207620 796443 509
142327 855089 525
127358 861697 525
717548 824052 468
522930 988312 525
949080 84154 352
362195 179675 361
365355 973267 525
343571 544295 470
838480 75658 344
806106 672068 344
470373 625433 470
989186 211385 352
642133 850941 525
985404 519329 365
845527 92811 313
535497 693947 509
765006 824160 468
209551 598620 470
228850 465297 449
897014 610788 339
312001 830091 509
533098 212142 377
59805 909929 525
525982 790578 509
410074 412130 374
365705 384583 423
775489 841249 525
295503 507869 449
480808 122397 245
608054 62338 403
70488 580206 470
92133 738217 509
460861 868023 525
253169 198495 332
923483 148487 308
529926 974605 525
956263 108222 352
250336 128801 332
668053 458622 323
868709 601609 326
307860 518605 470
389527 670612 509
705880 782360 468
923572 493028 308
960085 669635 414
772616 454380 393
427626 428195 374
340726 810035 509
76209 549194 470
775705 696255 300
47136 14036 314
109963 900088 525
781092 426498 362
700310 299922 367
40652 146774 375
940307 514537 277
526105 427199 408
661713 178288 292
81368 642561 509
95270 137830 354
299295 220884 265
844186 27403 357
450919 262954 263
148762 89894 295
593047 480354 328
436628 792817 509
938793 403777 308
140530 803166 509
126885 966487 525
409425 845807 525
465864 41844 232
183570 501584 449
503597 615406 470
207758 454985 449
2548 101440 351
984314 216501 321