1 10 20
100 200 125
201 210 89
900 1000 174
1000 1000 112
3000 5000 238
7000 9000 252
3809 299 238
6123 6637 262
3943 3501 238
9739 9451 198
2696 6353 262
828 6103 238
2087 2829 209
8903 9756 260
6453 8281 257
6578 5613 262
1537 2446 183
2433 4423 238
2518 8438 262
6508 3970 262
4449 5830 236
1744 579 182
6100 509 238
6475 8780 257
8841 4049 262
7942 6198 257
5067 5617 236
4004 2548 238
4306 7997 262
3320 801 217
278 1840 182
7613 9358 260
5282 6574 262
2349 8322 262
6724 2893 262
3797 8852 262
6201 5236 262
9834 5673 262
8460 7113 252
1576 6480 262
6114 2067 238
4454 3249 238
5004 1033 238
6637 7263 257
8844 2674 262
4185 8298 262
4328 4496 215
3921 6145 236
7281 7958 239
9686 4575 262
974 5525 238
3397 2968 199
6946 2278 262
953 9946 262
2441 3951 238
5646 8194 262
8421 8565 203
7184 9558 260
2545 9989 262
6710 7581 257
232 8985 262
44 4697 238
9339 8109 260
2867 185 209
4625 27 238
8168 8865 234
5006 9147 262
1497 6533 262
3907 1150 238
4902 4076 215
9055 9697 260
9366 9100 260
7432 3370 262
667 6507 262
7365 6845 257
1592 59 182
9486 7140 260
1332 9880 262
155 1586 182
2673 5124 238
555 3511 217
1081 4813 238
5688 3793 236
6438 8374 257
9782 612 262
9240 960 262
7087 6962 195
7176 3073 262
8006 2039 262
7218 7874 239
273 4260 238
3575 8623 262
5170 4720 210
3718 8060 262
6999 6491 257
2059 6843 262
511 7156 262
1427 5009 238
7485 8650 252
4624 1516 238
3407 4329 238
8643 1487 262
2622 1507 209
1706 237 182
5089 5766 236
5442 8196 262
1 999999 525
999999 1 525
1 1 1
1 2 2
30000 84000 351
