1 10 20
100 200 125
201 210 89
900 1000 174
300 500 144
4500 45000 324
3600 9999 262
2 4 8
5400 800000 509
9999 1001 262
365 7890 262
3321 876590 525
2657 877790 525
5600 74 238
999999 987689 440
908764 890376 445
659034 783214 504
14 3 20
90994 657900 509
1 1 1
7689 7777 177
7890 5674 262
432 476 129
890 677777 509
908888 4563 525
7895 678345 509
264874 869646 525
89577 785903 509
56748 938465 525
893746 57621 525
344 5674 238
2213 567488 470
3456 45637 324
647283 673442 442
4456 28977 308
89004 76453 351
890567 64 525
784635 566 509
1987 453 182
80085 58008 351
7685 4536 262
6574 8324 257
675483 63 509
67453 5 340
9000 7764 252
6745 5557 262
780 99087 351
6735 4553 262
46788 9807 324
53426 657 340
45536 277756 443
3 9 20
3 16 20
765 899 179
67354 6771 340
2335 7645 262
5664 7899 262
567 4553 238
652344 65 509
7663 4889 262
76453 77 340
1435 6457 262
9984 5663 262
16653 8997 276
5466 7342 262
1243 579099 470
67455 856 340
54 66 113
344 653 145
8890 7685 252
67754 7689 340
90876 5674 351
78996 9008 351
6578 85 262
3 6 9
6744 5432 262
7890 6578 257
9786 543 262
765 879 179
9007 85674 351
7768 6754 257
4665 76899 340
9008 7864 252
57644 3546 340
900876 5664 525
99078 564 351
9 880 179
2 999999 525
786 555 171
7866 674 262
8977 6543 257
3554 6758 262
7768 55 262
90888 576899 470
