1 10 20
100 200 125
201 210 89
900 1000 174
3582 4246 238
8714 9109 247
7768 8280 252
3082 8216 262
2815 2532 191
88 88 18
7869 2695 262
3006 2719 217
8124 1629 262
5655 2448 238
8134 9834 260
7244 406 262
2101 2885 209
4992 9167 262
3310 7180 262
5243 3904 215
9498 3985 262
6641 1514 262
1405 6990 262
3858 9445 262
6434 717 262
9717 1411 262
4653 6660 262
2525 6798 262
5448 462 238
3530 8546 262
9141 6365 257
3265 4796 238
9841 6248 260
1329 9458 262
8807 3246 262
3646 7272 262
7832 4514 262
7048 1188 262
8594 4716 262
889 2607 209
3593 5337 238
3535 6259 262
3025 1273 217
4032 8174 262
6010 9103 262
4709 620 238
5459 6379 262
5760 1906 238
4121 1090 238
1970 890 182
7075 2434 262
8961 3693 262
687 1253 182
4455 4626 184
8840 3490 262
1543 2527 209
9259 4926 262
8448 6566 257
2449 1102 183
6148 2837 238
9603 505 262
5062 8390 262
5832 3995 236
4011 6590 262
8509 76 262
5670 8421 262
4053 43 238
6887 5364 262
3894 5501 215
2537 8280 262
8706 2122 262
469 2643 209
8890 1934 262
4815 5730 236
8324 3651 262
6126 328 238
4840 4640 197
3448 5202 238
1127 3888 238
34 34 14
143 8253 262
4624 2967 238
1860 1430 180
3589 8277 262
8855 331 262
4899 1031 238
7812 3213 262
7804 8848 252
2363 6483 262
4058 6279 262
9365 3162 262
1769 3647 217
3509 4583 238
9499 4115 262
5237 9690 262
3635 3502 194
6270 4660 262
5025 940 238
6946 9934 260
1260 3878 238
568 8111 262
8500 9462 260
2847 621 209
8996 4363 262
5877 92 238
4035 1311 238
8084 9568 260
4094 4956 215
3014 3046 155
7392 1354 262
3821 4485 215
5153 4473 210
6632 8025 257
5719 5049 236
7627 929 262
6137 8412 262
44 7455 262
7237 2873 262
1583 9371 262
4270 8350 262
8270 3135 262
290 290 118
6056 1807 238
6494 3436 262
4095 106 238
2863 8008 262
6815 6249 244
6368 9317 260
2623 7138 262
1714 4495 238
3246 9975 262
5454 9326 262
7753 4066 262
5335 9443 262
2015 5986 238
1964 4738 238
7315 9378 260
9840 7909 260
5927 9820 262
8358 9089 247
3521 8949 262
2049 3989 238
419 4454 238
7066 1163 262
9400 3135 262
8569 9400 260
7766 6541 257
7474 2387 262
941 9428 262
9531 2447 262
8030 9972 260
1361 7323 262
5374 8063 262
863 4920 238
2835 1045 209
5747 342 238
1034 6211 262
2876 3728 238
4571 3938 215
5188 5686 236
9003 9849 260
882 3815 238
3124 2173 217
577 5559 238
5407 740 238
3498 3121 199
7986 1462 262
6206 2800 262
6511 4094 262
2824 2768 173
11 7596 262
1464 5571 238
4050 2646 238
6873 7667 257
8683 686 262
9600 8528 260
4103 6157 236
3794 3808 132
7544 967 262
149 3189 217
1065 2119 182
7696 8280 252
6721 7449 257
9773 3344 262
9918 4810 262
1973 364 182
1558 8694 262
8877 2061 262
9525 1529 262
291 5680 238
5983 8538 262
4532 4427 184
2796 8543 262
816 8493 262
1500 7031 262
9658 2872 262
4020 1230 238
6988 9065 252
3847 157 238
5331 786 238
