1 10 20
100 200 125
201 210 89
900 1000 174
31 105 119
11 90 116
146 311 128
567 600 119
132 164 117
123 546 144
301 310 87
700 800 171
209 988 179
1003 1500 182
1230 1244 133
2450 3504 217
3508 5750 238
1240 5083 238
5437 9470 262
1253 5383 238
244 256 110
677 749 171
459 600 142
3000 4000 238
450 750 171
1201 1210 71
365 478 134
213 241 128
5433 8545 262
8000 9000 247
2450 5303 238
5394 6489 262
3582 9445 262
2456 8734 262
3542 3552 88
3578 3595 150
9783 9999 242
250 350 144
230 250 128
190 199 120
1 5 8
9999 10000 92
2422 4431 238
2383 8503 262
4560 4899 197
3405 3209 181
1200 1300 177
1450 1600 172
4500 5000 210
2340 5300 238
3423 5803 238
3523 9034 262
1 1000 179
1 10000 262
1000 10000 262
10000 100000 351
8990 9010 185
4123 5031 215
5031 8746 262
5983 9045 262
7645 8352 252
344 365 126
123 130 122
99999 100000 227
4682 5000 210
1241 2500 209
1235 5350 238
2144 5930 238
3000 4300 238
3001 3100 186
5300 5634 236
5230 5555 205
1240 1249 177
3454 3500 181
2312 2400 183
2425 2650 209
3450 3567 194
1245 1560 177
4560 5433 210
1209 1450 177
1520 3464 217
35085 87450 351
40000 40695 275
52305 52340 172
2350 8082 262
12404 24290 282
124 134 122
3580 3599 150
1240 1430 177
1232 1249 177
1893 3800 238
2350 3872 238
1249 1492 177
1983 8109 262
1428 2124 180
1472 1488 141
1249 3495 217
1247 1924 180
1984 1948 175
1297 3000 217
1249 1349 177
10 10 7
4353 9846 262
7845 2354 262
3592 5432 238
900 34 179
9453 3275 262
32 452 144
549 23 144
5643 452 238
180 89 125
500 500 111
300 250 123
21545 98340 351
97834 25323 351
3258 9735 262
2358 3257 217
2359 2357 121
7952 6435 257
35934 23572 324
87725 82735 333
235925 235872 169
25329 78934 351
32575 42395 324
23598 23579 145
43587 68346 340
23573 3754 282
23523 32583 308
7632 2487 262
1245 1523 177
25345 23523 282
23595 24579 251
1244 1249 177
13523 12584 276
2590 2535 178
1834 9325 262
25925 29835 308
2359 3464 217
2450 2359 165
3258 3469 181
2359 2583 209
2355 2356 121
2353 2546 209
26805 2358 308
3466 364 217
8640 3685 262
364803 234664 441
33463 35346 311
46 47 105
245 4358 238
345 354 126
