1 10 20
100 200 125
201 210 89
900 1000 174
542 894 179
145 786 171
894 5000 238
1558 455008 449
1000 1000 112
1 999999 525
1 54678 340
1 58968 340
58968 897569 525
897569 999999 507
999999 999999 259
54985 148783 375
54985 248783 443
54985 348783 443
54985 448783 449
54985 448883 449
800 5698 238
850 5698 238
850 6548 262
8854 9548 260
8854 546 262
8854 1 262
489562 1 449
489562 11456 449
48962 456915 449
4862 456915 449
4862 455 238
2 455 144
15962 258745 443
898745 65423 525
898745 654 525
8985 654 262
85 654 145
9999 5214 262
9999 521 262
99 521 144
99 6 119
87456 32145 351
874586 32145 525
87586 32145 351
87586 325 351
886 325 179
886 35 179
88 35 116
88 3 116
8 3 17
965425 556542 525
965425 55654 525
965425 5565 525
96525 5565 351
96525 565 351
9625 565 262
965 565 179
965 55 179
95 55 116
95 5 116
5 5 6
854629 226549 525
85469 226549 386
85469 26549 351
8549 26549 282
8549 2649 262
8549 249 262
859 249 171
89 249 128
89 24 116
89 4 116
9 4 20
554652 987232 525
554652 98232 470
54652 98232 351
54652 9832 340
54652 832 340
5452 832 238
452 832 171
452 32 144
52 32 110
2 32 112
2 2 2
2 285746 443
2 28746 308
2 2876 209
2 276 128
2 27 112
2 7 17
123658 556547 470
12658 556547 470
12658 55547 340
12658 547 268
1258 547 182
128 547 144
128 47 119
12 47 112
12 4 20
2 4 8
874563 333354 525
87563 333354 443
87563 354 351
8763 354 262
876 354 179
86 354 144
