108 30 119
34 596 144
562 761 171
532 517 124
112 209 125
39 898 179
119 938 179
190 62 125
88 698 145
45 669 145
844 933 179
96 224 125
721 656 171
574 610 132
532 552 137
740 378 171
839 654 171
578 800 171
478 154 144
385 30 144
315 236 131
949 451 179
195 876 179
628 846 171
225 300 128
522 308 144
685 512 145
533 197 144
757 221 171
865 34 171
152 145 117
330 374 126
267 380 144
734 930 179
911 583 179
285 520 144
472 43 144
810 452 171
437 132 144
280 687 145
777 699 171
870 122 171
749 559 171
11 246 128
391 897 179
71 306 128
816 358 171
454 513 142
464 895 179
642 52 144
720 112 171
722 786 153
603 810 171
466 227 144
458 532 142
897 212 179
334 96 144
963 929 174
498 394 142
804 63 171
971 652 179
688 575 145
457 266 144
124 463 144
605 126 144
834 340 171
534 69 144
716 901 179
781 437 171
286 387 144
428 249 144
423 918 179
723 839 153
494 472 142
680 84 145
385 988 179
437 712 171
606 525 137
77 129 122
1 279 128
637 980 179
36 905 179
846 97 171
918 842 179
562 252 144
810 199 171
682 505 145
383 959 179
867 909 179
578 689 145
804 879 179
387 83 144
540 324 144
945 129 179
438 57 144
715 730 96
704 302 171
740 969 179
540 935 179
721 946 179
823 886 179
4 646 144
828 175 171
239 92 128
32 734 171
192 670 145
685 867 171
598 302 144
771 625 171
480 376 134
589 265 144
808 776 122
505 236 144
108 803 171
15 960 179
267 496 144
632 458 142
553 686 145
657 137 145
95 422 144
566 774 171
581 27 144
152 982 179
914 449 179
499 873 179
459 586 142
533 332 142
992 186 179
16 583 144
789 547 171
392 865 171
7 367 144
392 596 142
