87 53 116
691 941 179
949 719 179
551 80 144
768 654 171
564 841 171
807 847 135
365 332 126
674 433 145
808 253 171
781 955 179
194 188 120
406 154 144
191 217 120
62 176 125
143 893 179
83 145 122
369 505 142
717 90 171
669 92 145
372 49 144
301 136 128
298 806 171
336 876 179
550 206 144
989 622 179
789 210 171
977 384 179
714 385 171
497 763 171
229 665 145
247 749 171
117 478 144
439 514 142
85 113 119
565 781 171
515 72 144
189 78 125
62 396 144
451 177 144
399 516 142
758 516 171
793 721 153
906 803 179
411 782 171
553 873 179
176 647 144
365 391 121
923 255 179
381 238 144
520 761 171
69 759 171
760 983 179
132 935 179
555 868 171
970 993 143
325 28 131
536 309 144
979 463 179
8 337 144
64 313 131
792 278 171
619 705 171
242 164 128
600 478 142
376 211 144
465 69 144
851 781 135
363 698 145
253 403 144
458 366 134
339 961 179
914 328 179
297 365 144
621 661 145
779 956 179
371 152 144
21 900 179
705 968 179
281 182 128
155 438 144
956 376 179
190 864 171
577 933 179
428 831 171
720 494 171
585 852 171
40 133 122
834 464 171
161 110 122
527 362 142
728 469 171
390 212 144
599 161 144
205 176 120
849 248 171
260 305 123
11 623 144
595 801 171
990 476 179
87 888 179
283 730 171
653 367 145
311 540 144
335 618 142
145 367 144
299 705 171
516 427 142
744 109 171
512 700 145
281 883 179
617 687 145
841 43 171
281 326 131
247 832 171
572 793 171
841 783 135
960 867 179
56 467 144
204 173 120
736 976 179
987 465 179
836 986 179
176 238 128
509 855 171
376 702 145
656 157 145
802 509 171
206 68 125
224 567 144
588 82 144
514 708 171
376 899 179
327 461 144
228 895 179
895 655 179
867 759 153
753 868 153
838 958 179
366 148 144
589 663 145
818 909 179
901 346 179
201 400 144
271 461 144
779 507 171
723 696 171
587 16 144
519 470 142
346 111 144
79 4 116
810 921 179
918 920 130
60 1 113
759 695 171
648 441 142
794 894 179
77 876 179
139 221 125
772 716 153
352 557 142
303 412 144
145 871 179
816 825 135
155 686 145
675 283 145
457 314 144
105 742 171
774 539 171
301 109 128
307 822 171
651 245 145
406 711 171
354 583 142
928 115 179
634 609 132
285 663 145
658 670 145
646 254 144
846 417 171
799 931 179
618 421 142
81 348 144
400 102 144
22 457 144
311 437 144
249 907 179
496 908 179
664 727 171
598 662 145
134 916 179
451 342 134
288 604 144
502 615 137
647 968 179
53 272 128
1 1 1
9 9 20
967 914 174
267 978 179
832 275 171
684 821 171
