1 10 20
100 200 125
201 210 89
900 1000 174
8 8 4
2 5 8
8 17 20
4 420 144
7 8 17
1 1800 182
273 8255 262
700 800 171
24 86400 351
97 567 144
1 2 2
5 5 6
789 800 122
433 832 171
832 5337 238
281 955 179
46 787 171
737 900 179
600 6000 238
4000 5000 215
6000 7000 262
55 700 145
86400 360000 443
4530 6700 262
8395 10000 260
737 738 140
1800 281747 443
600 75293 340
13254 54228 340
3005 6400 262
32 64 113
2 8 17
9 50 112
1 64 113
128 2056 182
1 8 17
95 641 144
328 878 179
624 3985 238
32 256 128
256 1024 179
700 800 171
800 900 179
35 80 116
1000 10000 262
10000 87000 351
87000 90000 333
354 687 145
4560 9885 262
1023 4683 238
1022 1022 63
619 991 179
5642 32143 308
90000 100000 333
6 7 17
7 8 17
8 9 20
10 11 15
11 11 15
36 37 22
900 901 55
635 787 171
747 787 153
639 700 145
700 1000 179
693 700 127
357 386 121
153 169 112
169124 188124 365
548 700 145
1800 229758 386
555 5555 238
281 555 144
369 512 142
456 2039 182
2048 4096 238
800 900 179
9654 78282 351
1104 2017 182
911 2075 182
204 501 144
59 95 116
1996 2017 144
1994 2017 144
1365 4822 238
87 900 179
90 91 93
93 94 106
100 200 125
300 400 144
20 900 179
562 3821 238
48 109 119
68 97 119
1 98 119
36 87 116
396 508 142
4 2 8
