1 10 20
100 200 125
201 210 89
900 1000 174
8 50000 324
57263 8 340
99 100 26
62222 62222 87
78 63000 340
1 1000 179
1001 2000 182
3000 2001 217
78 3 116
505 1505 182
2755 1755 209
20 1 21
578 678 145
99000 1 351
99000 98001 284
5 1005 179
10001 99000 351
5703 8000 262
15000 3000 276
15001 98001 351
32555 32555 161
65 1 113
57000 57 340
999 9999 262
35000 34999 112
35001 4000 311
6833 68330 340
2 3001 217
50000 99000 351
50000 99999 351
34000 33000 267
26001 85002 351
356 862 171
55 89 116
222 22222 279
99999 99000 328
99999 99001 328
53578 63578 335
1 1 1
99999 99999 227
99000 99000 67
45003 45001 164
4 1750 182
55555 54000 260
86321 6321 351
2525 25250 282
75999 76001 188
35 35000 311
860 68 171
1337 80085 351
347 455 134
4666 6666 262
200 20000 279
3444 5222 238
877 901 148
3333 4444 238
76000 99999 351
4388 8843 262
50123 50000 234
4266 6624 262
1 8001 262
41002 31001 324
850 9001 262
32 750 171
6899 98255 351
45 35887 324
99881 88881 333
42000 45001 288
8055 455 262
1 44000 324
63000 95001 351
7000 85001 351
4800 4700 197
999 2001 182
87200 87000 333
999 8999 262
86 6233 262
69001 75001 325
46000 5000 324
28500 29501 272
339 51999 324
707 7070 262
7006 7 262
8 5008 238
3 3003 217
68555 43222 340
450 54000 340
2000 1001 182
1 1000 179
1 999 179
55 92000 351
46000 1000 324
8001 88000 351
3574 35740 324
24 863 171
53 90100 351
61 6001 238
5555 5000 205
666 777 171
444 446 72
32 23 112
9999 4444 262
4588 45888 324
38628 62 324
8001 97999 351
777 5001 238
67 888 179
3001 4201 238
57862 41205 340
99001 98999 116
23888 26479 277
