1 10 20
100 200 125
201 210 89
900 1000 174
20 34 112
1 12 20
378 799 171
265 2442 183
151 299 128
21 11 21
23 88 116
56 377 144
2 98 119
15 873 179
737 829 153
552 233 144
88 99 119
524 600 137
625 700 145
98 665 145
1 78 116
67 98 119
77 100 119
54 56 113
76 78 36
32 988 179
543 897 179
123 876 179
45 76 116
82 300 128
1500 3736 238
625 779 171
4349 56789 340
234 742 171
542 898 179
938 2340 183
909 2424 183
1735 6600 262
48 38464 324
12 383 144
84 100 119
523 900 179
703 947 179
23 758 171
107 735 171
242 976 179
235 256 128
72 3402 217
7639 7777 177
34 387 144
144 222 125
1 736 171
76 542 144
50 59 113
67 67 28
532 879 179
873 983 174
63 79 116
24 964 179
700 3 145
12 66 113
23 56 113
34 45 110
45 78 116
533 678 145
334 847 171
477 938 179
836 4959 238
343 762 171
373 633 142
7838 26535 282
444 588 142
373 826 171
744 938 179
736 2928 217
252 3847 238
474 345 134
837 356 171
344 776 171
35 56 113
87 445 144
8 35 112
56 66 108
7 8 17
9 56 113
3454 3593 194
67 363 144
3 67 113
123 308 128
65 356 144
347 987 179
456 735 171
786 375 171
445 833 171
46 375 144
89 245 128
65 374 144
24 9374 262
5 375 144
3557 8754 262
2345 6359 262
467 7464 262
345 3863 238
23 348 144
