904 522 179
971 603 179
691 245 145
779 310 171
200 781 171
376 133 144
423 538 142
65 301 128
804 502 171
230 774 171
210 954 179
147 367 144
744 395 171
319 768 171
299 377 144
88 506 144
473 290 144
895 120 179
528 245 144
656 298 145
974 507 179
65 853 171
639 7 144
947 737 179
362 515 142
844 649 171
628 652 145
500 319 144
919 994 174
309 668 145
602 780 171
287 347 144
235 285 128
457 521 142
919 39 179
625 571 132
565 824 171
354 208 144
986 829 179
7 305 128
446 502 142
925 932 130
288 527 144
589 104 144
697 890 179
769 854 153
132 674 145
787 291 171
814 397 171
759 200 171
889 964 174
63 189 125
974 753 179
799 424 171
180 215 120
158 939 179
868 697 171
225 21 125
715 396 171
692 807 171
306 793 171
927 837 179
667 253 145
5 589 144
345 511 142
442 758 171
310 492 144
67 771 171
881 391 179
600 662 145
824 841 135
678 933 179
957 944 55
734 112 171
297 190 128
837 282 171
907 736 179
899 393 179
881 80 179
93 312 128
702 472 145
536 773 171
696 850 171
739 805 153
551 701 145
184 538 144
874 585 179
498 252 144
902 837 179
647 718 171
852 607 171
145 929 179
344 138 144
329 965 179
768 695 171
504 723 171
453 621 142
278 944 179
984 935 174
501 661 145
272 13 128
303 441 144
556 559 88
156 479 144
702 229 145
899 479 179
