3 3 8
496 49 144
546 49 144
778 761 153
838 277 171
435 588 142
164 438 144
608 196 144
217 339 144
873 954 174
743 287 171
733 397 171
157 814 171
901 616 179
128 506 144
940 958 130
340 428 134
880 39 179
185 701 145
882 423 179
963 178 179
774 947 179
956 247 179
336 526 142
66 475 144
714 199 171
801 684 171
691 504 145
752 336 171
413 593 142
524 981 179
128 355 144
409 926 179
113 973 179
402 431 134
573 538 137
782 88 171
450 773 171
494 868 171
249 940 179
344 766 171
795 145 171
485 396 134
548 783 171
787 200 171
823 438 171
179 822 171
975 19 179
874 890 148
613 468 142
685 993 179
630 839 171
55 728 171
610 676 145
857 120 171
243 495 144
327 63 144
373 486 134
651 48 145
484 254 144
383 74 144
579 820 171
730 427 171
391 275 144
823 843 135
700 516 145
800 439 171
307 669 145
955 350 179
108 316 131
354 251 144
533 548 137
834 575 171
756 418 171
113 911 179
820 373 171
452 416 134
540 505 124
136 743 171
210 343 144
910 582 179
727 103 171
438 246 144
383 266 144
837 150 171
584 879 179
722 595 171
274 286 105
269 671 145
779 301 171
670 353 145
158 595 144
941 981 143
472 849 171
738 443 171
528 869 171
321 835 171
415 392 134
610 846 171
951 311 179
4917 794 238
2616 605 209
911 288 179
5876 479 238
270 844 171
5455 936 238
1013 814 179
2911 858 209
503 194 144
1 999999 525
