1 10 20
100 200 125
201 210 89
900 1000 174
1 1 1
700 550 145
22 987 179
4290 8001 262
999 998 50
5 500 144
9000 750 262
287 9578 262
50 81 116
22 997 179
5 3 8
888 888 73
60000 999999 525
8532 4552 262
824 100000 351
700 987 179
1 999999 525
2342 81293 351
99220 177 351
1000 3001 217
6001 1000 238
123 188888 383
9385 122234 354
1928 89280 351
938 992003 525
76832 4 340
7700 7700 53
19288 923444 525
12883 99402 351
1 8342 262
993423 6633 525
1000 99000 351
24001 23999 145
9000 9001 141
12352 9283 268
1500 2700 209
1000 3999 238
1001 2002 182
1002 2001 182
999999 1 525
823 99123 351
772834 500 509
1000 800000 509
3001 600001 470
4999 300999 443
4999 600001 470
60001 60001 66
999 2001 182
800001 801002 375
222 883929 525
123 83224 351
7001 998999 525
7002 99999 351
422 83704 351
1023 789384 509
129344 2883 354
123 78832 351
984738 993 525
6004 8004 262
6004 7003 262
988000 989000 321
4773 882990 525
837720 883 509
1772 66334 340
2830 88293 351
1237 638499 509
77 99283 351
77304 829933 509
983 12333 268
1111 22222 279
33333 777777 509
384 222333 386
912473 82 525
84730 232000 443
123847 788 354
77777 77 351
1 888888 525
55632 8742 340
888 722432 509
9283 7783 260
111234 778392 509
1001 800001 509
1999 700001 509
1999 700999 509
70293 77812 351
273849 1223 443
773829 77 509
23 718283 509
74738 22233 340
1122 364920 443
1234 772233 509
6632 77839 351
6622 999283 525
711 666233 509
50 100 119
8000 700000 509
633 88923 351
3322 77384 351
55555 55 340
998 999002 525
7730 82223 351
773829 111123 509
