1 1 1
1 10 20
15 15 18
20 16 21
1 18 21
18 1 21
40 67 113
78 79 36
80 80 10
84 20 116
70 50 113
28 40 107
90 99 119
110 120 114
121 150 122
151 155 86
180 190 107
199 191 120
100 200 125
201 210 89
211 211 40
215 220 115
220 240 128
241 250 110
270 290 118
291 250 123
300 380 144
381 500 142
301 310 87
312 312 38
315 320 56
321 340 144
341 350 126
370 390 121
391 353 126
501 700 145
800 701 171
801 999 179
900 1000 174
1001 2000 182
3000 2001 217
4000 4000 114
4000 3001 238
4001 4002 52
4003 4500 215
4900 4501 197
5000 6050 236
6051 7000 262
7001 8000 252
8040 8044 97
8099 8080 190
8100 8400 234
8500 8600 203
8900 8705 216
9000 8001 247
9040 9045 185
9099 9080 185
9100 9400 260
9500 9600 198
9900 9705 242
9500 9999 242
1050 5050 238
3000 3000 49
3000 3800 238
3810 5000 215
5010 7000 262
7001 7005 151
7006 7009 182
7011 7080 195
7081 7100 120
7111 7400 208
7405 7401 195
8000 7010 252
8010 9990 260
9000 1000 262
9000 10000 260
10010 20000 279
20000 20000 31
21009 21000 150
21100 21200 163
21300 21500 256
21700 21707 163
30000 20010 308
31009 31000 179
31100 31200 223
31300 31500 285
31700 31707 104
40000 40000 32
40000 30010 324
40010 40020 182
40030 45000 288
49000 45010 314
50000 60500 340
51009 51000 203
51100 51200 203
51300 51500 309
51700 51707 172
60510 70000 335
70010 80000 351
90000 80010 333
95000 99990 328