1 10 20
100 200 125
201 210 89
900 1000 174
10 1 20
10 10 7
1 1 1
1000 1 179
59 997 179
1 2 2
2 1 2
7 8 17
8 7 17
625716 772721 509
450978 849686 525
811023 854266 525
182298 624112 470
264633 256690 407
310299 894765 525
735519 652675 504
225591 421796 449
583955 58398 470
781113 568084 509
278504 242877 407
609150 843312 525
277913 931331 525
712688 944001 525
57821 951440 525
270579 944511 525
806091 261004 509
706342 787645 468
608687 892994 525
573526 526191 452
778251 480980 509
320779 328974 384
794317 297171 509
365653 478288 449
939975 466842 525
568088 635560 509
569260 840381 525
207502 729535 509
931077 748385 525
692544 465267 509
483805 709129 509
399005 56031 443
865501 827794 525
770069 367627 509
25066 313717 443
552451 641614 509
440305 613129 470
162010 727258 509
302902 350367 441
484037 466381 413
315383 588519 470
989205 73607 525
87211 596396 470
633016 637931 416
877021 408091 525
500976 720897 509
549677 673764 509
436398 295946 449
673058 560859 509
940428 98301 525
154106 567374 470
277384 648904 509
155187 534821 470
706943 799175 468
588037 519693 452
30684 215994 383
775019 589814 509
163599 511751 449
238029 499345 449
718041 361694 509
115560 66589 354
286717 323570 389
376948 350606 423
448833 574355 470
770957 856764 525
99282 983638 525
965343 909729 507
971220 377058 525
348467 71013 443
819660 782786 468
426487 487386 444
797011 445827 509
250089 883307 525
882292 322564 525
509947 787778 509
794289 26935 509
906349 182987 525
987909 316894 525
714727 765482 424
570881 676599 509
59645 551595 470
779762 889613 525
39484 605086 470
581470 605385 434
711244 304710 509
128752 163388 383
410903 46961 449
640683 503720 509
345263 730340 509
325364 84920 443
457216 198775 449
519727 200306 470
216286 457265 449
155845 2547 375
181751 177708 365
688674 166221 509
444500 288962 449
304552 683718 509
65888 460052 449
570731 917460 525
522701 516783 439
904784 868737 445
345040 811640 509
372308 101227 443
673622 840110 525
13097 898245 525
756013 468443 509
643361 51729 509
67325 126966 354
934645 274001 525
823070 981989 525
264999 543414 470
725648 344615 509
481647 544717 470
230546 805749 509
576117 43002 470
579772 933625 525
899510 369489 525
994723 194568 525
435293 755942 509
359631 720381 509
679285 582193 509
950243 577188 525
80266 947875 525
409164 643087 509
479268 684639 509
908870 553706 525
238038 664384 509
324443 64215 443
147949 535224 470
947771 650875 525
885097 354710 525
475045 981008 525
743608 34355 509
490960 402771 449
890929 293878 525
768572 543499 509
478500 369674 449
336629 502432 449
445511 962412 525
35173 394984 443
707148 24233 509
846184 523140 525
134800 949216 525
870095 311059 525
153651 223764 386
882474 315058 525
203832 240742 443
27473 669943 509
882437 781829 525
281134 302394 389
785422 372967 509
838062 570381 525
518315 170278 470
720796 863175 525
619634 341589 470
950681 210533 525
881870 124805 525
529505 756217 509
434793 440956 400
866604 186516 525
71148 499129 449
734037 617633 509
699770 898426 525
927692 827459 525
729176 477773 509
932322 190693 525
819164 140588 509
593184 407850 470
942071 707394 525
178382 577519 470
742786 82334 509
111769 495235 449
836164 837928 525
757716 559519 509
611327 70827 470
43842 733223 509
307699 172680 443
160197 366103 443
446379 623437 470
