1 10 20
100 200 125
201 210 89
900 1000 174
12 45 112
1 1 1
2 2 2
101 3222 217
43 52 105
848 1242 182
3 5 8
72 90 116
11 99 119
211 300 128
301 400 144
401 500 142
501 600 137
300 500 144
601 700 145
11 21 21
31 51 110
41 81 116
701 751 171
752 800 153
801 810 73
811 900 179
901 950 174
1000 1005 143
1023 1032 125
1000 1000 112
1902 1910 131
1911 3291 217
5 7 17
1000 2000 182
2000 3000 217
3000 4000 238
4000 5000 215
5000 10000 262
6 7000 262
10001 11000 268
101 11000 268
124 142 122
1011 10111 262
12000 12300 250
12400 12600 263
13000 13400 276
121 190 125
210 310 128
650 670 145
1010 2010 182
780 790 122
200 25132 282
8923 19382 279
1482 12321 268
929 1232 182
4839 123210 354
9083 32134 308
489 523 142
123 4914 238
574 1254 182
32 495 144
481 4839 238
324 917 179
312 584 144
1 812 171
31 591 144
4824 12321 268
594 743 171
2875 3874 238
582 2358 183
432 4382 238
58 384 144
395 583 142
348 493 142
384 587 142
786 910 179
666 777 171
888 999 174
11 22 21
39 93 116
123 321 131
832 8465 262
767 797 153
787 872 179
713 832 153
512 582 137
43 2421 183
6000 6010 143
4828 4982 210
321 983 179
748 894 179
382 428 134
219 495 144
329 984 179
378 400 121
2149 9023 262
743 957 179
657 683 145
970 981 143
100 100 26
1 100000 351
412 12 144
3214 125 217
522 74 144
