1831 1805 162
1923 1440 180
1075 1087 138
1780 1932 175
541 261 144
346 725 171
426 1439 182
1643 592 182
931 196 179
1212 1087 182
381 1911 182
1471 701 182
594 1832 182
1983 1292 180
1553 1883 180
1198 1434 177
1735 1668 180
1145 1849 182
913 1360 182
951 1768 182
988 1731 182
1022 1685 182
710 77 171
1976 345 182
592 853 171
805 603 171
3 296 128
763 1990 182
1637 219 182
133 1902 182
1561 1264 177
1217 1254 177
539 1434 182
1548 311 182
547 1382 182
1337 1324 146
833 710 153
1977 1176 180
399 1261 182
185 587 144
732 787 153
611 875 179
1193 653 182
1106 1872 182
11 425 144
880 1961 182
498 475 142
999993 999994 166
899 617 179
630 368 142
1505 1670 180
1575 1927 180
688 400 145
471 47 144
1142 1367 182
266 991 179
819 1778 182
1287 1432 177
1334 1161 182
463 1749 182
571 276 144
1000 2000 182
204 1999 182
1046 468 179
1126 752 179
1272 1784 180
1075 74 179
841 314 171
1303 780 182
1043 1142 169
1250 1350 177
32 846 171
1299 846 182
1573 1514 154
1592 991 182
531 944 179
1838 1031 182
146 614 144
60 922 179
424 1228 182
1624 1556 167
1148 1898 182
999 667 179
650 750 171
994 1638 182
1714 1979 180
370 1165 182
1736 949 182
1454 1825 180
1614 2000 180
1531 73 182
81 1206 182
520 46 144
350 1027 179
139 736 171
1944 1195 180
886 1166 182
1564 198 182
764 730 153
1606 969 182
1482 1565 154
1309 1846 180
1378 966 182
