1 2 2
3 4 8
100 1 119
1 10 20
100 100 26
75 75 15
1000 1000 112
1000 10000 262
1231 12098 268
101 201 125
99 99 26
101 102 26
1 11111 268
777 777 34
1111 1111 32
981 90 179
9120 98130 351
231 900810 525
90901 13 351
1231 901 182
84876 9813 351
39 9 112
8888 9999 260
23910 9093 282
131 2938291 560
29031 95 308
9090 9999 260
13710 9889 276
3717 5443 215
7836 883 262
28109 8 308
173 7 125
173551 9613 383
837 9910 262
178291 81 383
48 81 116
2871 2 209
76451 9831 340
666 666 114
18198 8119 279
999 999 50
111 112 70
19 8 21
1 9 20
8164 9816 260
364 91 144
9 761 171
69 719 171
69 69 15
96 96 13
1337 1338 71
1338 1337 71
1018 909 174
9 9 20
979 4747 238
919 381 179
1 2 2
3 4 8
5 6 9
5381 8164 262
563 939 179
85 816 171
563 831 171
648 831 171
6 8 17
5 9 20
5 3 8
8 1 17
6 1 9
7 9 20
6 9 20
4 3 8
8 1 17
6 91 116
66 11 113
11 88 116
76 991 179
87 14 116
85 89 31
989 513 179
810 875 179
190 871 179
456 67 144
41 916 179
17 987 179
0 0 Integer greater than 0 required.
0 1 Integer greater than 0 required.
1 0 Integer greater than 0 required.
10000 0 Integer greater than 0 required.
710 129 171
2391 1 183
1861 21 182
2 6 9
21 9 21
3 8 17
69 1337 182
810 9131 262
618 1 144
9999 999 262
17 43 112
57 89 116
1 67 113
7000 1 262
