1 10 20
100 200 125
201 210 89
900 1000 174
1000 1000 112
1 1000000 525
200 250 128
9000 900 262
1000 900 174
300 500 144
1 1 1
2 1 2
10 9000 262
100000 200000 383
90 91 93
98 89 119
100 101 26
700 700 83
13 17 18
150000 500000 449
90000 100000 333
87000 89000 333
780 699 171
99999 99998 227
780 980 179
650 50000 324
100000 600000 470
67000 540000 470
450 140 144
99 98 26
990 970 143
900 4989 238
12345 67899 340
9876 54321 340
9087 12345 268
8768 54783 340
82949 12894 351
87531 54372 351
163 93276 351
174 1734 182
18374 17473 279
85623 57239 351
17364 34562 311
18364 87653 351
84562 53759 351
17364 46380 324
64927 23746 340
9572 12345 268
45678 23480 324
84527 83528 320
890 98 179
6234 6234 63
98 98 26
890 89 179
1234 98708 351
19283 37465 324
9034 56678 340
2345 65432 340
67457 78623 351
3458 97834 351
1239 9870 262
9781 1237 262
34589 9182 311
5329 87612 351
78612 89761 338
123864 12389 354
76589 81630 351
90 19384 279
1 99999 351
1 99998 351
1 99997 351
13 13 10
90000 90000 165
789 9999 262
1320 123 182
5739 82940 351
7503 7487 177
7777 7777 84
8888 8888 35
9878 8789 260
73620 88888 351
4235 1234 238
3485 9878 262
78689 12345 351
67439 18472 340
34556 35555 311
8723 12345 268
5469 89237 351
2348 98120 351
34587 98213 351
87234 81274 333
39487 12876 324
12384 23487 279
34857 12398 311
89347 87326 333
76253 87264 351
34578 98237 351
98237 82735 333
89345 21349 351
34879 1029 311
3405 12387 268
1234 1 182
34587 2 311
23459 10 279