1 10 20
100 200 125
201 210 89
900 1000 174
23 100 119
98 99 26
99 98 26
34 300 128
1 100 119
43 159 122
751 751 140
101 199 125
200 299 128
300 399 144
400 499 142
500 599 137
600 699 145
700 799 171
800 899 179
900 999 174
1000 1999 182
2000 2999 217
3000 3999 238
4000 4999 215
5000 5999 236
6000 6999 262
7000 7999 252
8000 8999 247
9000 9999 260
10000 10999 268
11000 11999 250
12000 12999 263
13000 13999 276
14000 14999 271
15000 15999 271
16000 16999 266
17000 17999 279
18000 18999 261
19000 19999 274
20000 20999 256
1 2 2
2 1 2
1 1 1
2 2 2
12 10 15
542 13 144
7 7 17
99 99 26
99 9999 262
1 2 2
2 1 2
1 1 1
2 2 2
14 19 21
10 1111 179
14 41 112
999 1000 112
1000 999 112
23 25 24
777 777 34
77 777 171
777 789 122
777 7777 262
234 567 144
123 456 144
123 2 119
1000 45 179
45 1000 179
11 100 119
97 96 119
97 79 119
400 600 142
800 1200 182
1300 1900 180
2000 2999 217
2000 4999 238
5000 10000 262
9090 9191 198
7 23 21
23 7 21
1 100 119
1 1000 179
1 10000 262
50 950 179
1000 1 179
10000 1 262
1 5 8
5 1 8
54 56 113
3456 3467 150
2098 3908 238
2941 3404 199
123 456 144
135 246 128
765 980 179
1230 1240 133
12000 15000 276
1028 1028 125
1028 2056 182
12345 56789 340
14000 19003 279
99 101 26
101 99 26
1 897 179
1 16 20
1 32 112
1 64 113
1 128 119
3 98 119
23 902 179
591 4444 238
1212 2323 183
48 1339 182
139 19999 279
20013 130000 354
1996 2017 144
1941 1945 100
1938 1955 175
1955 1959 100
1959 2017 175
