44964 85255 351
70718 50167 340
20905 34698 311
64749 70710 312
73341 61378 330
99285 70932 351
62448 32483 340
64926 44223 340
52868 11687 340
42451 5853 324
40268 77767 351
36232 24889 324
45172 85903 351
30042 19420 308
51670 81171 351
33762 35785 324
55008 95441 351
92053 97701 328
28686 23463 308
20985 2258 279
34079 93492 351
50786 61302 340
27274 82187 351
9473 33864 308
62812 95296 351
40658 18590 324
74109 3106 340
73100 32615 340
64441 5292 340
42898 214 324
98413 77955 338
18908 55090 340
21569 31729 308
17373 64594 340
70335 22206 340
15791 85075 351
45859 19401 324
339 11187 268
92129 31045 351
39176 36520 306
37366 73588 340
17489 74734 340
3795 6593 262
78533 43740 351
15239 971 276
46286 94013 351
71106 3826 340
65272 86466 351
76546 57665 335
81712 29973 351
88172 83429 333
81056 60107 351
58971 50425 340
72602 49337 340
84027 48171 351
15453 66120 340
72990 85495 351
58453 55435 322
69056 18235 340
99473 74867 351
75646 51644 340
71725 12632 340
35618 92088 351
56424 32122 340
83487 28156 351
52313 18899 324
65602 92348 351
76435 36238 340
28590 79776 351
20346 69498 340
4987 52448 324
49732 21899 324
14171 25135 282
92734 26312 351
61525 35992 340
74195 14343 340
84569 20177 351
38093 29464 324
46611 92253 351
91747 77368 338
31620 28190 285
51061 75526 340
87142 98880 333
54719 23952 340
61132 56242 335
3732 77057 351
19089 24393 282
14855 85204 351
21783 87252 351
78029 31627 351
96303 4186 351
85324 37943 351
28678 88416 351
33608 62156 340
21396 65579 340
44587 60907 340
51686 51960 247
18171 5787 279
44884 10316 324
96110 53307 351
52966 27880 340
35834 43734 306
93998 15624 351
42570 83103 351
50895 25389 324
31844 53323 340
98580 89344 333
70726 41546 340
92118 16493 351
33630 2405 308
94035 13455 351
37005 99659 351
24460 39509 324
75425 96615 351
18918 75840 340
58005 77445 351
15105 44680 324
94532 9349 351
25844 25469 233
79108 21188 351
