402 402 20
1 1 1
5 5 6
496 441 142
568 331 142
416 546 142
998 984 112
73 769 171
781 336 171
169 449 144
495 405 142
98 823 171
653 670 145
504 811 171
865 290 171
824 858 135
542 23 144
204 873 179
449 729 171
942 254 179
686 951 179
953 367 179
235 776 171
441 341 134
935 164 179
154 683 145
899 586 179
700 721 171
55 999 179
168 961 179
1 999999 525
840 950 179
684 589 145
521 456 142
360 459 134
68 233 128
176 46 125
575 818 171
888 530 179
863 598 171
917 354 179
211 599 144
112 505 144
539 413 142
966 454 179
680 222 145
276 192 128
418 980 179
332 665 145
140 69 122
461 851 171
461 161 144
725 751 140
920 851 179
25 666 145
267 50 128
613 329 142
5 498 144
447 319 144
559 426 142
687 592 145
559 158 144
505 51 144
392 125 144
856 18 171
3 584 144
27 943 179
701 216 145
868 630 171
551 835 171
29 603 144
59 231 128
178 157 125
85 445 144
308 624 144
732 20 171
984 944 143
923 938 174
511 526 124
161 819 171
454 45 144
611 921 179
361 333 126
664 563 145
402 671 145
968 525 179
308 743 171
455 671 145
289 176 128
491 102 144
100 70 119
296 59 128
568 461 142
258 25 128
84 650 145
176 546 144
922 34 179
504 469 142
594 672 145
167 959 179
797 66 171
514 274 144
743 93 171
194 787 171
79 137 122
417 24 144
773 423 171
325 229 131
953 867 179
831 92 171
585 418 142
301 35 128
351 203 144
300 522 144
861 397 171
767 203 171
670 607 145
149 944 179
637 991 179
720 328 171
847 46 171
208 527 144
47 493 144
493 200 144
599 232 144
809 169 171
86 297 128
284 479 144
729 611 171
823 569 171
790 491 171
844 817 135
485 233 144
144 540 144
27 835 171
631 46 144
198 375 144
59 604 144
822 789 135
231 954 179
137 549 144
73 212 125
775 293 171
944 169 179
425 174 144
92 939 179
127 375 144
205 43 125
285 359 144
827 272 171
947 678 179
374 902 179
386 852 171
627 313 144
926 197 179
868 291 171
437 550 142
148 545 144
569 620 132
648 493 137
81 453 144
208 563 144
471 549 142
37 340 144
773 437 171
99 927 179
205 441 144
534 208 144
261 234 128
111 708 171
147 957 179
315 589 144
81 552 144
102 483 144
642 309 144
59 815 171
774 85 171
47 57 113
430 392 134
262 703 171
83 588 144
443 968 179
746 403 171
914 612 179
194 791 171
326 696 145
155 621 144
728 765 153
576 54 144
362 680 145
3 148 122
689 359 145
575 881 179
245 356 144
5 45 112
820 699 171
620 957 179
112 239 128
566 730 171
127 987 179
