1 10 20
100 200 125
201 210 89
900 1000 174
1 1 1
10 1 20
1 5000 238
1 10000 262
1 6000 238
4000 10000 262
4000 5500 215
7001 25000 282
2023 4044 238
4089 6132 236
6202 8268 257
8357 10445 260
10556 12666 268
12805 14938 276
15093 17248 266
17425 19602 279
19810 22010 274
22231 24453 282
24696 26940 308
27217 29484 272
29771 32060 285
32369 34680 311
35026 37360 324
37713 40069 306
40444 42822 288
43237 45638 314
46057 48480 314
48921 51366 309
51850 54318 340
54803 57293 322
57800 60312 317
60865 63400 335
63951 66508 299
67107 69687 312
70282 72884 325
73501 76125 325
76793 79440 351
80101 82770 320
83453 86144 320
86881 89595 333
90322 93058 333
93807 96565 328
97371 100152 328
100945 103748 310
104563 107388 354
108263 111111 310
111970 114840 323
115721 118613 336
119557 122472 336
123397 126334 318
127281 130240 344
131253 134235 331
135226 138230 331
139243 142269 344
143351 146400 326
147457 150528 370
151607 154700 352
155851 158967 383
160090 163228 370
164425 167586 352
168753 171936 334
173125 176330 347
177596 180824 365
182057 185307 334
186562 189834 347
191169 194464 347
195763 199080 329
200401 203740 342
205144 208506 373
209871 213255 355
214642 218048 386
219521 222950 355
224381 227832 368
229285 232758 443
234300 237796 350
239293 242811 368
244330 247870 350
249481 253044 332
254607 258192 363
259777 263384 407
265064 268694 345
270323 273975 363
275626 279300 389
281049 284746 358
286441 290160 389
291955 295697 358
297436 301200 371
302961 306747 340
308611 312420 384
314225 318056 353
319883 323736 371
325669 329545 353
331416 335314 353
337207 341127 366
343129 347072 441
349009 352974 379
354933 358920 379
360991 365001 361
367004 371036 392
373061 377115 423
379255 383332 379
385401 389500 436
391591 395712 405
397921 402065 387
404200 408366 405
410523 414711 374
416989 421200 343
423401 427634 418
429857 434112 387
436459 440737 400
443004 447304 338
449697 454020 387
456331 460676 356
463009 467376 369
469838 474228 382
476605 481017 413
483416 487850 382
490381 494838 426
497281 501760 395
504225 508726 382
511326 515850 470
518359 522905 439
525436 530004 408
532673 537264 377
539839 544452 408
547049 551684 377
554422 559080 390
561721 566401 421
569064 573766 377
576573 581298 390
584005 588752 372
591481 596250 403
599126 603918 403
606691 611505 403
614300 619136 447
622081 626940 509
629779 634660 385
637651 642555 416
645438 650364 385
653269 658217 429
661277 666248 442
669197 674190 367
677161 682176 380
685305 690343 398
693358 698418 367
701455 706537 504
709735 714840 411
717921 723048 411
726151 731300 380
734567 739739 424
742886 748080 362
751249 756465 424
759801 765040 380
768253 773514 393
776749 782032 437
785437 790743 406
794022 799350 468
802651 808001 406
811475 816848 375
820193 825588 375
828955 834372 419
837915 843355 388
846766 852228 419
855817 861302 375
864757 870264 388
873741 879270 432
882928 888480 445
892001 897575 370
901118 906714 445
910441 916060 401
919647 925288 445
928897 934560 414
938356 944042 507
947695 953403 414
957078 962808 414
966673 972426 458
976145 981920 427
985661 991458 396
995392 1001212 440
1004997 1010839 396
1014646 1020510 427
1024513 1030400 396
1034251 1040160 440
1044033 1049964 409
1054036 1059990 502
1063907 1069883 409
1074001 1080000 378
