1 10 20
100 200 125
201 210 89
900 1000 174
1 1 1
1000 1000 112
200 100 125
210 45645 324
2 145 122
221 423 144
551 564 137
9999 9999 92
999 32 179
80 32 116
91 15 116
14 93 116
12 456 144
32 523 144
223 521 144
12 454 144
79 134 122
20 245 128
151 3432 217
23 151 122
125 329 144
324 12 131
55 4095 238
88 1234 182
1 123 119
125 298 128
229 122 125
2 49 112
65 579 144
26 25 24
89 320 131
321 42 131
351 12 144
352 123 144
33 120 119
515 213 144
245 324 131
313 415 144
214 12 125
14 161 122
16 314 131
35 152 122
22 252 128
212 121 125
51 234 128
514 23 144
98 32 119
80 23 116
33 124 119
49 310 128
3 9 20
4 10 20
5 11 20
99 105 88
8003 1952 262
31 805 171
9999 2392 262
21 1412 182
24 155 122
21 151 122
22 123 119
52 121 119
215 45 125
323 31 131
215 21 125
211 56 125
34 366 144
312 12 128
567 34 144
32 627 144
42 151 122
3 35 112
6 126 119
35 351 144
94 434 144
54 120 119
460 341 134
341 31 144
215 512 144
63 236 128
12 613 144
23 754 171
43 362 144
32 262 128
57 454 144
24 960 179
23 262 128
21 960 179
45 362 144
46 262 128
306 31 128
94 131 122
351 163 144
343 13 144
647 21 144
94 105 119
86 391 144
13 915 179
