1 999999 525
1 10 20
20000 29999 308
32523 3284 308
634 9009 262
1 1 1
800000 800000 132
999999 1 525
10 1 20
123894 89523 354
34 68 113
500 500 111
3 5 8
44444 44000 270
20000 30000 308
5235 6000 236
100000 700000 509
3232 646464 509
1 111111 354
250000 750000 509
235643 654674 509
3578 9283 262
7853 23894 282
5434 324432 443
834 92 171
80912 2389 351
1234 5678 238
9876 54321 340
348 8934 262
4567 2 238
240 354 144
9835 9 262
1 2 2
8935 923 262
75 70 116
121896 92896 354
80085 999999 525
83487 989898 525
666666 777777 504
67 789 171
2783 8923 262
12 9034 262
23984 90398 351
222222 333333 443
333333 444444 449
444444 555555 470
555555 666666 509
666666 777777 504
777777 888888 525
888888 999999 507
1 9999 262
3285 889538 525
444334 333443 449
121212 212121 383
1996 1776 175
1776 1789 149
112000 113000 323
511 1607 182
4567 85234 351
980134 6825 525
56723 978798 525
56339 23587 340
2379 7852 262
237878 89524 443
67825 132 340
132 67825 340
23598 52478 324
138925 777777 509
10000 19999 279
20000 29999 308
30000 39999 324
40000 49999 314
50000 59999 340
60000 69999 335
70000 79999 351
80000 89999 333
90000 99999 333
100 200 125
201 210 89
64321 67899 312
500000 999999 525
1 499999 449
100000 999999 525
200000 999999 525
300000 999999 525
400000 999999 525
500000 999999 525
600000 999999 525
700000 999999 525
800000 999999 525
900000 999999 507
999999 900000 507
999999 800000 525
999999 700000 525
999999 600000 525
999999 500000 525
999999 400000 525
999999 300000 525
999999 200000 525
999999 100000 525
